<?xml version="1.0" encoding="UTF-8"?>
<testsuite xmlns:xsi="http://www.w3.org/2001/XMLSchema-instance" xsi:noNamespaceSchemaLocation="https://maven.apache.org/surefire/maven-surefire-plugin/xsd/surefire-test-report.xsd" version="3.0.2" name="de.muenchen.gitwrapped.configuration.CacheControlConfigurationTest" time="21.676" tests="1" errors="0" skipped="0" failures="0">
  <properties>
    <property name="java.specification.version" value="21"/>
    <property name="sun.cpu.isalist" value="amd64"/>
    <property name="sun.jnu.encoding" value="Cp1252"/>
    <property name="java.class.path" value="C:\Users\hayda\IdeaProjects\Git-Wrapped-LHM\git-wrapped\target\test-classes;C:\Users\hayda\IdeaProjects\Git-Wrapped-LHM\git-wrapped\target\classes;C:\Users\hayda\.m2\repository\org\springframework\boot\spring-boot-starter-data-jpa\3.4.4\spring-boot-starter-data-jpa-3.4.4.jar;C:\Users\hayda\.m2\repository\org\springframework\boot\spring-boot-starter\3.4.4\spring-boot-starter-3.4.4.jar;C:\Users\hayda\.m2\repository\org\springframework\boot\spring-boot\3.4.4\spring-boot-3.4.4.jar;C:\Users\hayda\.m2\repository\org\springframework\boot\spring-boot-starter-logging\3.4.4\spring-boot-starter-logging-3.4.4.jar;C:\Users\hayda\.m2\repository\ch\qos\logback\logback-classic\1.5.18\logback-classic-1.5.18.jar;C:\Users\hayda\.m2\repository\ch\qos\logback\logback-core\1.5.18\logback-core-1.5.18.jar;C:\Users\hayda\.m2\repository\org\apache\logging\log4j\log4j-to-slf4j\2.24.3\log4j-to-slf4j-2.24.3.jar;C:\Users\hayda\.m2\repository\org\apache\logging\log4j\log4j-api\2.24.3\log4j-api-2.24.3.jar;C:\Users\hayda\.m2\repository\org\slf4j\jul-to-slf4j\2.0.17\jul-to-slf4j-2.0.17.jar;C:\Users\hayda\.m2\repository\jakarta\annotation\jakarta.annotation-api\2.1.1\jakarta.annotation-api-2.1.1.jar;C:\Users\hayda\.m2\repository\org\yaml\snakeyaml\2.3\snakeyaml-2.3.jar;C:\Users\hayda\.m2\repository\org\springframework\boot\spring-boot-starter-jdbc\3.4.4\spring-boot-starter-jdbc-3.4.4.jar;C:\Users\hayda\.m2\repository\com\zaxxer\HikariCP\5.1.0\HikariCP-5.1.0.jar;C:\Users\hayda\.m2\repository\org\springframework\spring-jdbc\6.2.5\spring-jdbc-6.2.5.jar;C:\Users\hayda\.m2\repository\org\hibernate\orm\hibernate-core\6.6.11.Final\hibernate-core-6.6.11.Final.jar;C:\Users\hayda\.m2\repository\jakarta\transaction\jakarta.transaction-api\2.0.1\jakarta.transaction-api-2.0.1.jar;C:\Users\hayda\.m2\repository\org\jboss\logging\jboss-logging\3.6.1.Final\jboss-logging-3.6.1.Final.jar;C:\Users\hayda\.m2\repository\org\hibernate\common\hibernate-commons-annotations\7.0.3.Final\hibernate-commons-annotations-7.0.3.Final.jar;C:\Users\hayda\.m2\repository\io\smallrye\jandex\3.2.0\jandex-3.2.0.jar;C:\Users\hayda\.m2\repository\com\fasterxml\classmate\1.7.0\classmate-1.7.0.jar;C:\Users\hayda\.m2\repository\net\bytebuddy\byte-buddy\1.15.11\byte-buddy-1.15.11.jar;C:\Users\hayda\.m2\repository\org\glassfish\jaxb\jaxb-runtime\4.0.5\jaxb-runtime-4.0.5.jar;C:\Users\hayda\.m2\repository\org\glassfish\jaxb\jaxb-core\4.0.5\jaxb-core-4.0.5.jar;C:\Users\hayda\.m2\repository\org\eclipse\angus\angus-activation\2.0.2\angus-activation-2.0.2.jar;C:\Users\hayda\.m2\repository\org\glassfish\jaxb\txw2\4.0.5\txw2-4.0.5.jar;C:\Users\hayda\.m2\repository\com\sun\istack\istack-commons-runtime\4.1.2\istack-commons-runtime-4.1.2.jar;C:\Users\hayda\.m2\repository\jakarta\inject\jakarta.inject-api\2.0.1\jakarta.inject-api-2.0.1.jar;C:\Users\hayda\.m2\repository\org\antlr\antlr4-runtime\4.13.0\antlr4-runtime-4.13.0.jar;C:\Users\hayda\.m2\repository\org\springframework\data\spring-data-jpa\3.4.4\spring-data-jpa-3.4.4.jar;C:\Users\hayda\.m2\repository\org\springframework\data\spring-data-commons\3.4.4\spring-data-commons-3.4.4.jar;C:\Users\hayda\.m2\repository\org\springframework\spring-orm\6.2.5\spring-orm-6.2.5.jar;C:\Users\hayda\.m2\repository\org\springframework\spring-context\6.2.5\spring-context-6.2.5.jar;C:\Users\hayda\.m2\repository\org\springframework\spring-tx\6.2.5\spring-tx-6.2.5.jar;C:\Users\hayda\.m2\repository\org\springframework\spring-beans\6.2.5\spring-beans-6.2.5.jar;C:\Users\hayda\.m2\repository\org\springframework\spring-aspects\6.2.5\spring-aspects-6.2.5.jar;C:\Users\hayda\.m2\repository\org\aspectj\aspectjweaver\1.9.23\aspectjweaver-1.9.23.jar;C:\Users\hayda\.m2\repository\org\springframework\boot\spring-boot-starter-web\3.4.4\spring-boot-starter-web-3.4.4.jar;C:\Users\hayda\.m2\repository\org\springframework\boot\spring-boot-starter-json\3.4.4\spring-boot-starter-json-3.4.4.jar;C:\Users\hayda\.m2\repository\com\fasterxml\jackson\datatype\jackson-datatype-jdk8\2.18.3\jackson-datatype-jdk8-2.18.3.jar;C:\Users\hayda\.m2\repository\com\fasterxml\jackson\module\jackson-module-parameter-names\2.18.3\jackson-module-parameter-names-2.18.3.jar;C:\Users\hayda\.m2\repository\org\springframework\boot\spring-boot-starter-tomcat\3.4.4\spring-boot-starter-tomcat-3.4.4.jar;C:\Users\hayda\.m2\repository\org\apache\tomcat\embed\tomcat-embed-core\10.1.39\tomcat-embed-core-10.1.39.jar;C:\Users\hayda\.m2\repository\org\apache\tomcat\embed\tomcat-embed-websocket\10.1.39\tomcat-embed-websocket-10.1.39.jar;C:\Users\hayda\.m2\repository\org\springframework\spring-web\6.2.5\spring-web-6.2.5.jar;C:\Users\hayda\.m2\repository\org\springframework\spring-webmvc\6.2.5\spring-webmvc-6.2.5.jar;C:\Users\hayda\.m2\repository\org\springframework\spring-expression\6.2.5\spring-expression-6.2.5.jar;C:\Users\hayda\.m2\repository\org\springframework\boot\spring-boot-starter-actuator\3.4.4\spring-boot-starter-actuator-3.4.4.jar;C:\Users\hayda\.m2\repository\org\springframework\boot\spring-boot-actuator-autoconfigure\3.4.4\spring-boot-actuator-autoconfigure-3.4.4.jar;C:\Users\hayda\.m2\repository\org\springframework\boot\spring-boot-actuator\3.4.4\spring-boot-actuator-3.4.4.jar;C:\Users\hayda\.m2\repository\io\micrometer\micrometer-observation\1.14.5\micrometer-observation-1.14.5.jar;C:\Users\hayda\.m2\repository\io\micrometer\micrometer-commons\1.14.5\micrometer-commons-1.14.5.jar;C:\Users\hayda\.m2\repository\io\micrometer\micrometer-jakarta9\1.14.5\micrometer-jakarta9-1.14.5.jar;C:\Users\hayda\.m2\repository\org\springframework\boot\spring-boot-starter-validation\3.4.4\spring-boot-starter-validation-3.4.4.jar;C:\Users\hayda\.m2\repository\org\apache\tomcat\embed\tomcat-embed-el\10.1.39\tomcat-embed-el-10.1.39.jar;C:\Users\hayda\.m2\repository\org\hibernate\validator\hibernate-validator\8.0.2.Final\hibernate-validator-8.0.2.Final.jar;C:\Users\hayda\.m2\repository\jakarta\validation\jakarta.validation-api\3.0.2\jakarta.validation-api-3.0.2.jar;C:\Users\hayda\.m2\repository\org\springframework\boot\spring-boot-starter-cache\3.4.4\spring-boot-starter-cache-3.4.4.jar;C:\Users\hayda\.m2\repository\org\springframework\spring-context-support\6.2.5\spring-context-support-6.2.5.jar;C:\Users\hayda\.m2\repository\com\github\ben-manes\caffeine\caffeine\3.1.8\caffeine-3.1.8.jar;C:\Users\hayda\.m2\repository\org\checkerframework\checker-qual\3.37.0\checker-qual-3.37.0.jar;C:\Users\hayda\.m2\repository\com\google\errorprone\error_prone_annotations\2.21.1\error_prone_annotations-2.21.1.jar;C:\Users\hayda\.m2\repository\org\springframework\boot\spring-boot-starter-security\3.4.4\spring-boot-starter-security-3.4.4.jar;C:\Users\hayda\.m2\repository\org\springframework\spring-aop\6.2.5\spring-aop-6.2.5.jar;C:\Users\hayda\.m2\repository\org\springframework\security\spring-security-config\6.4.4\spring-security-config-6.4.4.jar;C:\Users\hayda\.m2\repository\org\springframework\security\spring-security-web\6.4.4\spring-security-web-6.4.4.jar;C:\Users\hayda\.m2\repository\org\springframework\security\spring-security-oauth2-client\6.4.4\spring-security-oauth2-client-6.4.4.jar;C:\Users\hayda\.m2\repository\org\springframework\security\spring-security-core\6.4.4\spring-security-core-6.4.4.jar;C:\Users\hayda\.m2\repository\org\springframework\security\spring-security-crypto\6.4.4\spring-security-crypto-6.4.4.jar;C:\Users\hayda\.m2\repository\org\springframework\security\spring-security-oauth2-core\6.4.4\spring-security-oauth2-core-6.4.4.jar;C:\Users\hayda\.m2\repository\org\springframework\spring-core\6.2.5\spring-core-6.2.5.jar;C:\Users\hayda\.m2\repository\org\springframework\spring-jcl\6.2.5\spring-jcl-6.2.5.jar;C:\Users\hayda\.m2\repository\com\nimbusds\oauth2-oidc-sdk\9.43.6\oauth2-oidc-sdk-9.43.6.jar;C:\Users\hayda\.m2\repository\com\github\stephenc\jcip\jcip-annotations\1.0-1\jcip-annotations-1.0-1.jar;C:\Users\hayda\.m2\repository\com\nimbusds\content-type\2.2\content-type-2.2.jar;C:\Users\hayda\.m2\repository\com\nimbusds\lang-tag\1.7\lang-tag-1.7.jar;C:\Users\hayda\.m2\repository\org\springframework\security\spring-security-oauth2-resource-server\6.4.4\spring-security-oauth2-resource-server-6.4.4.jar;C:\Users\hayda\.m2\repository\org\springframework\security\spring-security-oauth2-jose\6.4.4\spring-security-oauth2-jose-6.4.4.jar;C:\Users\hayda\.m2\repository\com\nimbusds\nimbus-jose-jwt\9.37.3\nimbus-jose-jwt-9.37.3.jar;C:\Users\hayda\.m2\repository\org\postgresql\postgresql\42.7.5\postgresql-42.7.5.jar;C:\Users\hayda\.m2\repository\org\flywaydb\flyway-core\10.20.1\flyway-core-10.20.1.jar;C:\Users\hayda\.m2\repository\com\fasterxml\jackson\dataformat\jackson-dataformat-toml\2.18.3\jackson-dataformat-toml-2.18.3.jar;C:\Users\hayda\.m2\repository\com\fasterxml\jackson\core\jackson-core\2.18.3\jackson-core-2.18.3.jar;C:\Users\hayda\.m2\repository\com\fasterxml\jackson\datatype\jackson-datatype-jsr310\2.18.3\jackson-datatype-jsr310-2.18.3.jar;C:\Users\hayda\.m2\repository\com\fasterxml\jackson\core\jackson-annotations\2.18.3\jackson-annotations-2.18.3.jar;C:\Users\hayda\.m2\repository\org\flywaydb\flyway-database-postgresql\10.20.1\flyway-database-postgresql-10.20.1.jar;C:\Users\hayda\.m2\repository\jakarta\persistence\jakarta.persistence-api\3.1.0\jakarta.persistence-api-3.1.0.jar;C:\Users\hayda\.m2\repository\org\apache\httpcomponents\client5\httpclient5\5.4.2\httpclient5-5.4.2.jar;C:\Users\hayda\.m2\repository\org\apache\httpcomponents\core5\httpcore5\5.3.3\httpcore5-5.3.3.jar;C:\Users\hayda\.m2\repository\org\apache\httpcomponents\core5\httpcore5-h2\5.3.3\httpcore5-h2-5.3.3.jar;C:\Users\hayda\.m2\repository\org\slf4j\slf4j-api\2.0.17\slf4j-api-2.0.17.jar;C:\Users\hayda\.m2\repository\org\projectlombok\lombok\1.18.30\lombok-1.18.30.jar;C:\Users\hayda\.m2\repository\org\mapstruct\mapstruct\1.6.3\mapstruct-1.6.3.jar;C:\Users\hayda\.m2\repository\com\github\spotbugs\spotbugs-annotations\4.9.3\spotbugs-annotations-4.9.3.jar;C:\Users\hayda\.m2\repository\com\google\code\findbugs\jsr305\3.0.2\jsr305-3.0.2.jar;C:\Users\hayda\.m2\repository\org\springframework\boot\spring-boot-starter-test\3.4.4\spring-boot-starter-test-3.4.4.jar;C:\Users\hayda\.m2\repository\org\springframework\boot\spring-boot-test\3.4.4\spring-boot-test-3.4.4.jar;C:\Users\hayda\.m2\repository\org\springframework\boot\spring-boot-test-autoconfigure\3.4.4\spring-boot-test-autoconfigure-3.4.4.jar;C:\Users\hayda\.m2\repository\com\jayway\jsonpath\json-path\2.9.0\json-path-2.9.0.jar;C:\Users\hayda\.m2\repository\jakarta\xml\bind\jakarta.xml.bind-api\4.0.2\jakarta.xml.bind-api-4.0.2.jar;C:\Users\hayda\.m2\repository\jakarta\activation\jakarta.activation-api\2.1.3\jakarta.activation-api-2.1.3.jar;C:\Users\hayda\.m2\repository\net\minidev\json-smart\2.5.2\json-smart-2.5.2.jar;C:\Users\hayda\.m2\repository\net\minidev\accessors-smart\2.5.2\accessors-smart-2.5.2.jar;C:\Users\hayda\.m2\repository\org\ow2\asm\asm\9.7.1\asm-9.7.1.jar;C:\Users\hayda\.m2\repository\org\assertj\assertj-core\3.26.3\assertj-core-3.26.3.jar;C:\Users\hayda\.m2\repository\org\awaitility\awaitility\4.2.2\awaitility-4.2.2.jar;C:\Users\hayda\.m2\repository\org\hamcrest\hamcrest\2.2\hamcrest-2.2.jar;C:\Users\hayda\.m2\repository\org\junit\jupiter\junit-jupiter\5.11.4\junit-jupiter-5.11.4.jar;C:\Users\hayda\.m2\repository\org\junit\jupiter\junit-jupiter-api\5.11.4\junit-jupiter-api-5.11.4.jar;C:\Users\hayda\.m2\repository\org\opentest4j\opentest4j\1.3.0\opentest4j-1.3.0.jar;C:\Users\hayda\.m2\repository\org\junit\platform\junit-platform-commons\1.11.4\junit-platform-commons-1.11.4.jar;C:\Users\hayda\.m2\repository\org\apiguardian\apiguardian-api\1.1.2\apiguardian-api-1.1.2.jar;C:\Users\hayda\.m2\repository\org\junit\jupiter\junit-jupiter-params\5.11.4\junit-jupiter-params-5.11.4.jar;C:\Users\hayda\.m2\repository\org\junit\jupiter\junit-jupiter-engine\5.11.4\junit-jupiter-engine-5.11.4.jar;C:\Users\hayda\.m2\repository\org\junit\platform\junit-platform-engine\1.11.4\junit-platform-engine-1.11.4.jar;C:\Users\hayda\.m2\repository\org\mockito\mockito-core\5.14.2\mockito-core-5.14.2.jar;C:\Users\hayda\.m2\repository\net\bytebuddy\byte-buddy-agent\1.15.11\byte-buddy-agent-1.15.11.jar;C:\Users\hayda\.m2\repository\org\objenesis\objenesis\3.3\objenesis-3.3.jar;C:\Users\hayda\.m2\repository\org\mockito\mockito-junit-jupiter\5.14.2\mockito-junit-jupiter-5.14.2.jar;C:\Users\hayda\.m2\repository\org\skyscreamer\jsonassert\1.5.3\jsonassert-1.5.3.jar;C:\Users\hayda\.m2\repository\com\vaadin\external\google\android-json\0.0.20131108.vaadin1\android-json-0.0.20131108.vaadin1.jar;C:\Users\hayda\.m2\repository\org\springframework\spring-test\6.2.5\spring-test-6.2.5.jar;C:\Users\hayda\.m2\repository\org\xmlunit\xmlunit-core\2.10.0\xmlunit-core-2.10.0.jar;C:\Users\hayda\.m2\repository\org\springframework\security\spring-security-test\6.4.4\spring-security-test-6.4.4.jar;C:\Users\hayda\.m2\repository\org\springframework\boot\spring-boot-testcontainers\3.4.4\spring-boot-testcontainers-3.4.4.jar;C:\Users\hayda\.m2\repository\org\springframework\boot\spring-boot-autoconfigure\3.4.4\spring-boot-autoconfigure-3.4.4.jar;C:\Users\hayda\.m2\repository\org\testcontainers\testcontainers\1.20.6\testcontainers-1.20.6.jar;C:\Users\hayda\.m2\repository\junit\junit\4.13.2\junit-4.13.2.jar;C:\Users\hayda\.m2\repository\org\hamcrest\hamcrest-core\2.2\hamcrest-core-2.2.jar;C:\Users\hayda\.m2\repository\org\apache\commons\commons-compress\1.24.0\commons-compress-1.24.0.jar;C:\Users\hayda\.m2\repository\org\rnorth\duct-tape\duct-tape\1.0.8\duct-tape-1.0.8.jar;C:\Users\hayda\.m2\repository\org\jetbrains\annotations\17.0.0\annotations-17.0.0.jar;C:\Users\hayda\.m2\repository\com\github\docker-java\docker-java-api\3.4.1\docker-java-api-3.4.1.jar;C:\Users\hayda\.m2\repository\com\github\docker-java\docker-java-transport-zerodep\3.4.1\docker-java-transport-zerodep-3.4.1.jar;C:\Users\hayda\.m2\repository\com\github\docker-java\docker-java-transport\3.4.1\docker-java-transport-3.4.1.jar;C:\Users\hayda\.m2\repository\net\java\dev\jna\jna\5.13.0\jna-5.13.0.jar;C:\Users\hayda\.m2\repository\org\testcontainers\junit-jupiter\1.20.6\junit-jupiter-1.20.6.jar;C:\Users\hayda\.m2\repository\org\testcontainers\postgresql\1.20.6\postgresql-1.20.6.jar;C:\Users\hayda\.m2\repository\org\testcontainers\jdbc\1.20.6\jdbc-1.20.6.jar;C:\Users\hayda\.m2\repository\org\testcontainers\database-commons\1.20.6\database-commons-1.20.6.jar;C:\Users\hayda\.m2\repository\io\micrometer\micrometer-tracing\1.4.4\micrometer-tracing-1.4.4.jar;C:\Users\hayda\.m2\repository\io\micrometer\context-propagation\1.1.2\context-propagation-1.1.2.jar;C:\Users\hayda\.m2\repository\aopalliance\aopalliance\1.0\aopalliance-1.0.jar;C:\Users\hayda\.m2\repository\io\micrometer\micrometer-tracing-bridge-brave\1.4.4\micrometer-tracing-bridge-brave-1.4.4.jar;C:\Users\hayda\.m2\repository\io\zipkin\brave\brave\6.0.3\brave-6.0.3.jar;C:\Users\hayda\.m2\repository\io\zipkin\brave\brave-context-slf4j\6.0.3\brave-context-slf4j-6.0.3.jar;C:\Users\hayda\.m2\repository\io\zipkin\brave\brave-instrumentation-http\6.0.3\brave-instrumentation-http-6.0.3.jar;C:\Users\hayda\.m2\repository\io\zipkin\aws\brave-propagation-aws\1.2.5\brave-propagation-aws-1.2.5.jar;C:\Users\hayda\.m2\repository\io\zipkin\contrib\brave-propagation-w3c\brave-propagation-tracecontext\0.2.0\brave-propagation-tracecontext-0.2.0.jar;C:\Users\hayda\.m2\repository\net\logstash\logback\logstash-logback-encoder\8.1\logstash-logback-encoder-8.1.jar;C:\Users\hayda\.m2\repository\com\fasterxml\jackson\core\jackson-databind\2.18.3\jackson-databind-2.18.3.jar;C:\Users\hayda\.m2\repository\io\micrometer\micrometer-registry-prometheus\1.14.5\micrometer-registry-prometheus-1.14.5.jar;C:\Users\hayda\.m2\repository\io\micrometer\micrometer-core\1.14.5\micrometer-core-1.14.5.jar;C:\Users\hayda\.m2\repository\org\hdrhistogram\HdrHistogram\2.2.2\HdrHistogram-2.2.2.jar;C:\Users\hayda\.m2\repository\org\latencyutils\LatencyUtils\2.0.3\LatencyUtils-2.0.3.jar;C:\Users\hayda\.m2\repository\io\prometheus\prometheus-metrics-core\1.3.6\prometheus-metrics-core-1.3.6.jar;C:\Users\hayda\.m2\repository\io\prometheus\prometheus-metrics-model\1.3.6\prometheus-metrics-model-1.3.6.jar;C:\Users\hayda\.m2\repository\io\prometheus\prometheus-metrics-config\1.3.6\prometheus-metrics-config-1.3.6.jar;C:\Users\hayda\.m2\repository\io\prometheus\prometheus-metrics-tracer-common\1.3.6\prometheus-metrics-tracer-common-1.3.6.jar;C:\Users\hayda\.m2\repository\io\prometheus\prometheus-metrics-exposition-formats\1.3.6\prometheus-metrics-exposition-formats-1.3.6.jar;C:\Users\hayda\.m2\repository\io\prometheus\prometheus-metrics-exposition-textformats\1.3.6\prometheus-metrics-exposition-textformats-1.3.6.jar;C:\Users\hayda\.m2\repository\org\apache\commons\commons-collections4\4.4\commons-collections4-4.4.jar;C:\Users\hayda\.m2\repository\org\apache\commons\commons-text\1.13.1\commons-text-1.13.1.jar;C:\Users\hayda\.m2\repository\org\apache\commons\commons-lang3\3.17.0\commons-lang3-3.17.0.jar;C:\Users\hayda\.m2\repository\commons-io\commons-io\2.19.0\commons-io-2.19.0.jar;C:\Users\hayda\.m2\repository\org\springframework\boot\spring-boot-configuration-processor\3.4.4\spring-boot-configuration-processor-3.4.4.jar;"/>
    <property name="java.vm.vendor" value="Oracle Corporation"/>
    <property name="sun.arch.data.model" value="64"/>
    <property name="user.variant" value=""/>
    <property name="catalina.useNaming" value="false"/>
    <property name="java.vendor.url" value="https://java.oracle.com/"/>
    <property name="user.timezone" value="Europe/Berlin"/>
    <property name="org.jboss.logging.provider" value="slf4j"/>
    <property name="os.name" value="Windows 10"/>
    <property name="java.vm.specification.version" value="21"/>
    <property name="APPLICATION_NAME" value="gitwrapped-backend"/>
    <property name="sun.java.launcher" value="SUN_STANDARD"/>
    <property name="user.country" value="US"/>
    <property name="sun.boot.library.path" value="C:\Program Files\Java\jdk-21\bin"/>
    <property name="sun.java.command" value="C:\Users\hayda\AppData\Local\Temp\surefire13119329815886023379\surefirebooter-20250701201729515_3.jar C:\Users\hayda\AppData\Local\Temp\surefire13119329815886023379 2025-07-01T20-17-29_322-jvmRun1 surefire-20250701201729515_1tmp surefire_0-20250701201729515_2tmp"/>
    <property name="jdk.debug" value="release"/>
    <property name="surefire.test.class.path" value="C:\Users\hayda\IdeaProjects\Git-Wrapped-LHM\git-wrapped\target\test-classes;C:\Users\hayda\IdeaProjects\Git-Wrapped-LHM\git-wrapped\target\classes;C:\Users\hayda\.m2\repository\org\springframework\boot\spring-boot-starter-data-jpa\3.4.4\spring-boot-starter-data-jpa-3.4.4.jar;C:\Users\hayda\.m2\repository\org\springframework\boot\spring-boot-starter\3.4.4\spring-boot-starter-3.4.4.jar;C:\Users\hayda\.m2\repository\org\springframework\boot\spring-boot\3.4.4\spring-boot-3.4.4.jar;C:\Users\hayda\.m2\repository\org\springframework\boot\spring-boot-starter-logging\3.4.4\spring-boot-starter-logging-3.4.4.jar;C:\Users\hayda\.m2\repository\ch\qos\logback\logback-classic\1.5.18\logback-classic-1.5.18.jar;C:\Users\hayda\.m2\repository\ch\qos\logback\logback-core\1.5.18\logback-core-1.5.18.jar;C:\Users\hayda\.m2\repository\org\apache\logging\log4j\log4j-to-slf4j\2.24.3\log4j-to-slf4j-2.24.3.jar;C:\Users\hayda\.m2\repository\org\apache\logging\log4j\log4j-api\2.24.3\log4j-api-2.24.3.jar;C:\Users\hayda\.m2\repository\org\slf4j\jul-to-slf4j\2.0.17\jul-to-slf4j-2.0.17.jar;C:\Users\hayda\.m2\repository\jakarta\annotation\jakarta.annotation-api\2.1.1\jakarta.annotation-api-2.1.1.jar;C:\Users\hayda\.m2\repository\org\yaml\snakeyaml\2.3\snakeyaml-2.3.jar;C:\Users\hayda\.m2\repository\org\springframework\boot\spring-boot-starter-jdbc\3.4.4\spring-boot-starter-jdbc-3.4.4.jar;C:\Users\hayda\.m2\repository\com\zaxxer\HikariCP\5.1.0\HikariCP-5.1.0.jar;C:\Users\hayda\.m2\repository\org\springframework\spring-jdbc\6.2.5\spring-jdbc-6.2.5.jar;C:\Users\hayda\.m2\repository\org\hibernate\orm\hibernate-core\6.6.11.Final\hibernate-core-6.6.11.Final.jar;C:\Users\hayda\.m2\repository\jakarta\transaction\jakarta.transaction-api\2.0.1\jakarta.transaction-api-2.0.1.jar;C:\Users\hayda\.m2\repository\org\jboss\logging\jboss-logging\3.6.1.Final\jboss-logging-3.6.1.Final.jar;C:\Users\hayda\.m2\repository\org\hibernate\common\hibernate-commons-annotations\7.0.3.Final\hibernate-commons-annotations-7.0.3.Final.jar;C:\Users\hayda\.m2\repository\io\smallrye\jandex\3.2.0\jandex-3.2.0.jar;C:\Users\hayda\.m2\repository\com\fasterxml\classmate\1.7.0\classmate-1.7.0.jar;C:\Users\hayda\.m2\repository\net\bytebuddy\byte-buddy\1.15.11\byte-buddy-1.15.11.jar;C:\Users\hayda\.m2\repository\org\glassfish\jaxb\jaxb-runtime\4.0.5\jaxb-runtime-4.0.5.jar;C:\Users\hayda\.m2\repository\org\glassfish\jaxb\jaxb-core\4.0.5\jaxb-core-4.0.5.jar;C:\Users\hayda\.m2\repository\org\eclipse\angus\angus-activation\2.0.2\angus-activation-2.0.2.jar;C:\Users\hayda\.m2\repository\org\glassfish\jaxb\txw2\4.0.5\txw2-4.0.5.jar;C:\Users\hayda\.m2\repository\com\sun\istack\istack-commons-runtime\4.1.2\istack-commons-runtime-4.1.2.jar;C:\Users\hayda\.m2\repository\jakarta\inject\jakarta.inject-api\2.0.1\jakarta.inject-api-2.0.1.jar;C:\Users\hayda\.m2\repository\org\antlr\antlr4-runtime\4.13.0\antlr4-runtime-4.13.0.jar;C:\Users\hayda\.m2\repository\org\springframework\data\spring-data-jpa\3.4.4\spring-data-jpa-3.4.4.jar;C:\Users\hayda\.m2\repository\org\springframework\data\spring-data-commons\3.4.4\spring-data-commons-3.4.4.jar;C:\Users\hayda\.m2\repository\org\springframework\spring-orm\6.2.5\spring-orm-6.2.5.jar;C:\Users\hayda\.m2\repository\org\springframework\spring-context\6.2.5\spring-context-6.2.5.jar;C:\Users\hayda\.m2\repository\org\springframework\spring-tx\6.2.5\spring-tx-6.2.5.jar;C:\Users\hayda\.m2\repository\org\springframework\spring-beans\6.2.5\spring-beans-6.2.5.jar;C:\Users\hayda\.m2\repository\org\springframework\spring-aspects\6.2.5\spring-aspects-6.2.5.jar;C:\Users\hayda\.m2\repository\org\aspectj\aspectjweaver\1.9.23\aspectjweaver-1.9.23.jar;C:\Users\hayda\.m2\repository\org\springframework\boot\spring-boot-starter-web\3.4.4\spring-boot-starter-web-3.4.4.jar;C:\Users\hayda\.m2\repository\org\springframework\boot\spring-boot-starter-json\3.4.4\spring-boot-starter-json-3.4.4.jar;C:\Users\hayda\.m2\repository\com\fasterxml\jackson\datatype\jackson-datatype-jdk8\2.18.3\jackson-datatype-jdk8-2.18.3.jar;C:\Users\hayda\.m2\repository\com\fasterxml\jackson\module\jackson-module-parameter-names\2.18.3\jackson-module-parameter-names-2.18.3.jar;C:\Users\hayda\.m2\repository\org\springframework\boot\spring-boot-starter-tomcat\3.4.4\spring-boot-starter-tomcat-3.4.4.jar;C:\Users\hayda\.m2\repository\org\apache\tomcat\embed\tomcat-embed-core\10.1.39\tomcat-embed-core-10.1.39.jar;C:\Users\hayda\.m2\repository\org\apache\tomcat\embed\tomcat-embed-websocket\10.1.39\tomcat-embed-websocket-10.1.39.jar;C:\Users\hayda\.m2\repository\org\springframework\spring-web\6.2.5\spring-web-6.2.5.jar;C:\Users\hayda\.m2\repository\org\springframework\spring-webmvc\6.2.5\spring-webmvc-6.2.5.jar;C:\Users\hayda\.m2\repository\org\springframework\spring-expression\6.2.5\spring-expression-6.2.5.jar;C:\Users\hayda\.m2\repository\org\springframework\boot\spring-boot-starter-actuator\3.4.4\spring-boot-starter-actuator-3.4.4.jar;C:\Users\hayda\.m2\repository\org\springframework\boot\spring-boot-actuator-autoconfigure\3.4.4\spring-boot-actuator-autoconfigure-3.4.4.jar;C:\Users\hayda\.m2\repository\org\springframework\boot\spring-boot-actuator\3.4.4\spring-boot-actuator-3.4.4.jar;C:\Users\hayda\.m2\repository\io\micrometer\micrometer-observation\1.14.5\micrometer-observation-1.14.5.jar;C:\Users\hayda\.m2\repository\io\micrometer\micrometer-commons\1.14.5\micrometer-commons-1.14.5.jar;C:\Users\hayda\.m2\repository\io\micrometer\micrometer-jakarta9\1.14.5\micrometer-jakarta9-1.14.5.jar;C:\Users\hayda\.m2\repository\org\springframework\boot\spring-boot-starter-validation\3.4.4\spring-boot-starter-validation-3.4.4.jar;C:\Users\hayda\.m2\repository\org\apache\tomcat\embed\tomcat-embed-el\10.1.39\tomcat-embed-el-10.1.39.jar;C:\Users\hayda\.m2\repository\org\hibernate\validator\hibernate-validator\8.0.2.Final\hibernate-validator-8.0.2.Final.jar;C:\Users\hayda\.m2\repository\jakarta\validation\jakarta.validation-api\3.0.2\jakarta.validation-api-3.0.2.jar;C:\Users\hayda\.m2\repository\org\springframework\boot\spring-boot-starter-cache\3.4.4\spring-boot-starter-cache-3.4.4.jar;C:\Users\hayda\.m2\repository\org\springframework\spring-context-support\6.2.5\spring-context-support-6.2.5.jar;C:\Users\hayda\.m2\repository\com\github\ben-manes\caffeine\caffeine\3.1.8\caffeine-3.1.8.jar;C:\Users\hayda\.m2\repository\org\checkerframework\checker-qual\3.37.0\checker-qual-3.37.0.jar;C:\Users\hayda\.m2\repository\com\google\errorprone\error_prone_annotations\2.21.1\error_prone_annotations-2.21.1.jar;C:\Users\hayda\.m2\repository\org\springframework\boot\spring-boot-starter-security\3.4.4\spring-boot-starter-security-3.4.4.jar;C:\Users\hayda\.m2\repository\org\springframework\spring-aop\6.2.5\spring-aop-6.2.5.jar;C:\Users\hayda\.m2\repository\org\springframework\security\spring-security-config\6.4.4\spring-security-config-6.4.4.jar;C:\Users\hayda\.m2\repository\org\springframework\security\spring-security-web\6.4.4\spring-security-web-6.4.4.jar;C:\Users\hayda\.m2\repository\org\springframework\security\spring-security-oauth2-client\6.4.4\spring-security-oauth2-client-6.4.4.jar;C:\Users\hayda\.m2\repository\org\springframework\security\spring-security-core\6.4.4\spring-security-core-6.4.4.jar;C:\Users\hayda\.m2\repository\org\springframework\security\spring-security-crypto\6.4.4\spring-security-crypto-6.4.4.jar;C:\Users\hayda\.m2\repository\org\springframework\security\spring-security-oauth2-core\6.4.4\spring-security-oauth2-core-6.4.4.jar;C:\Users\hayda\.m2\repository\org\springframework\spring-core\6.2.5\spring-core-6.2.5.jar;C:\Users\hayda\.m2\repository\org\springframework\spring-jcl\6.2.5\spring-jcl-6.2.5.jar;C:\Users\hayda\.m2\repository\com\nimbusds\oauth2-oidc-sdk\9.43.6\oauth2-oidc-sdk-9.43.6.jar;C:\Users\hayda\.m2\repository\com\github\stephenc\jcip\jcip-annotations\1.0-1\jcip-annotations-1.0-1.jar;C:\Users\hayda\.m2\repository\com\nimbusds\content-type\2.2\content-type-2.2.jar;C:\Users\hayda\.m2\repository\com\nimbusds\lang-tag\1.7\lang-tag-1.7.jar;C:\Users\hayda\.m2\repository\org\springframework\security\spring-security-oauth2-resource-server\6.4.4\spring-security-oauth2-resource-server-6.4.4.jar;C:\Users\hayda\.m2\repository\org\springframework\security\spring-security-oauth2-jose\6.4.4\spring-security-oauth2-jose-6.4.4.jar;C:\Users\hayda\.m2\repository\com\nimbusds\nimbus-jose-jwt\9.37.3\nimbus-jose-jwt-9.37.3.jar;C:\Users\hayda\.m2\repository\org\postgresql\postgresql\42.7.5\postgresql-42.7.5.jar;C:\Users\hayda\.m2\repository\org\flywaydb\flyway-core\10.20.1\flyway-core-10.20.1.jar;C:\Users\hayda\.m2\repository\com\fasterxml\jackson\dataformat\jackson-dataformat-toml\2.18.3\jackson-dataformat-toml-2.18.3.jar;C:\Users\hayda\.m2\repository\com\fasterxml\jackson\core\jackson-core\2.18.3\jackson-core-2.18.3.jar;C:\Users\hayda\.m2\repository\com\fasterxml\jackson\datatype\jackson-datatype-jsr310\2.18.3\jackson-datatype-jsr310-2.18.3.jar;C:\Users\hayda\.m2\repository\com\fasterxml\jackson\core\jackson-annotations\2.18.3\jackson-annotations-2.18.3.jar;C:\Users\hayda\.m2\repository\org\flywaydb\flyway-database-postgresql\10.20.1\flyway-database-postgresql-10.20.1.jar;C:\Users\hayda\.m2\repository\jakarta\persistence\jakarta.persistence-api\3.1.0\jakarta.persistence-api-3.1.0.jar;C:\Users\hayda\.m2\repository\org\apache\httpcomponents\client5\httpclient5\5.4.2\httpclient5-5.4.2.jar;C:\Users\hayda\.m2\repository\org\apache\httpcomponents\core5\httpcore5\5.3.3\httpcore5-5.3.3.jar;C:\Users\hayda\.m2\repository\org\apache\httpcomponents\core5\httpcore5-h2\5.3.3\httpcore5-h2-5.3.3.jar;C:\Users\hayda\.m2\repository\org\slf4j\slf4j-api\2.0.17\slf4j-api-2.0.17.jar;C:\Users\hayda\.m2\repository\org\projectlombok\lombok\1.18.30\lombok-1.18.30.jar;C:\Users\hayda\.m2\repository\org\mapstruct\mapstruct\1.6.3\mapstruct-1.6.3.jar;C:\Users\hayda\.m2\repository\com\github\spotbugs\spotbugs-annotations\4.9.3\spotbugs-annotations-4.9.3.jar;C:\Users\hayda\.m2\repository\com\google\code\findbugs\jsr305\3.0.2\jsr305-3.0.2.jar;C:\Users\hayda\.m2\repository\org\springframework\boot\spring-boot-starter-test\3.4.4\spring-boot-starter-test-3.4.4.jar;C:\Users\hayda\.m2\repository\org\springframework\boot\spring-boot-test\3.4.4\spring-boot-test-3.4.4.jar;C:\Users\hayda\.m2\repository\org\springframework\boot\spring-boot-test-autoconfigure\3.4.4\spring-boot-test-autoconfigure-3.4.4.jar;C:\Users\hayda\.m2\repository\com\jayway\jsonpath\json-path\2.9.0\json-path-2.9.0.jar;C:\Users\hayda\.m2\repository\jakarta\xml\bind\jakarta.xml.bind-api\4.0.2\jakarta.xml.bind-api-4.0.2.jar;C:\Users\hayda\.m2\repository\jakarta\activation\jakarta.activation-api\2.1.3\jakarta.activation-api-2.1.3.jar;C:\Users\hayda\.m2\repository\net\minidev\json-smart\2.5.2\json-smart-2.5.2.jar;C:\Users\hayda\.m2\repository\net\minidev\accessors-smart\2.5.2\accessors-smart-2.5.2.jar;C:\Users\hayda\.m2\repository\org\ow2\asm\asm\9.7.1\asm-9.7.1.jar;C:\Users\hayda\.m2\repository\org\assertj\assertj-core\3.26.3\assertj-core-3.26.3.jar;C:\Users\hayda\.m2\repository\org\awaitility\awaitility\4.2.2\awaitility-4.2.2.jar;C:\Users\hayda\.m2\repository\org\hamcrest\hamcrest\2.2\hamcrest-2.2.jar;C:\Users\hayda\.m2\repository\org\junit\jupiter\junit-jupiter\5.11.4\junit-jupiter-5.11.4.jar;C:\Users\hayda\.m2\repository\org\junit\jupiter\junit-jupiter-api\5.11.4\junit-jupiter-api-5.11.4.jar;C:\Users\hayda\.m2\repository\org\opentest4j\opentest4j\1.3.0\opentest4j-1.3.0.jar;C:\Users\hayda\.m2\repository\org\junit\platform\junit-platform-commons\1.11.4\junit-platform-commons-1.11.4.jar;C:\Users\hayda\.m2\repository\org\apiguardian\apiguardian-api\1.1.2\apiguardian-api-1.1.2.jar;C:\Users\hayda\.m2\repository\org\junit\jupiter\junit-jupiter-params\5.11.4\junit-jupiter-params-5.11.4.jar;C:\Users\hayda\.m2\repository\org\junit\jupiter\junit-jupiter-engine\5.11.4\junit-jupiter-engine-5.11.4.jar;C:\Users\hayda\.m2\repository\org\junit\platform\junit-platform-engine\1.11.4\junit-platform-engine-1.11.4.jar;C:\Users\hayda\.m2\repository\org\mockito\mockito-core\5.14.2\mockito-core-5.14.2.jar;C:\Users\hayda\.m2\repository\net\bytebuddy\byte-buddy-agent\1.15.11\byte-buddy-agent-1.15.11.jar;C:\Users\hayda\.m2\repository\org\objenesis\objenesis\3.3\objenesis-3.3.jar;C:\Users\hayda\.m2\repository\org\mockito\mockito-junit-jupiter\5.14.2\mockito-junit-jupiter-5.14.2.jar;C:\Users\hayda\.m2\repository\org\skyscreamer\jsonassert\1.5.3\jsonassert-1.5.3.jar;C:\Users\hayda\.m2\repository\com\vaadin\external\google\android-json\0.0.20131108.vaadin1\android-json-0.0.20131108.vaadin1.jar;C:\Users\hayda\.m2\repository\org\springframework\spring-test\6.2.5\spring-test-6.2.5.jar;C:\Users\hayda\.m2\repository\org\xmlunit\xmlunit-core\2.10.0\xmlunit-core-2.10.0.jar;C:\Users\hayda\.m2\repository\org\springframework\security\spring-security-test\6.4.4\spring-security-test-6.4.4.jar;C:\Users\hayda\.m2\repository\org\springframework\boot\spring-boot-testcontainers\3.4.4\spring-boot-testcontainers-3.4.4.jar;C:\Users\hayda\.m2\repository\org\springframework\boot\spring-boot-autoconfigure\3.4.4\spring-boot-autoconfigure-3.4.4.jar;C:\Users\hayda\.m2\repository\org\testcontainers\testcontainers\1.20.6\testcontainers-1.20.6.jar;C:\Users\hayda\.m2\repository\junit\junit\4.13.2\junit-4.13.2.jar;C:\Users\hayda\.m2\repository\org\hamcrest\hamcrest-core\2.2\hamcrest-core-2.2.jar;C:\Users\hayda\.m2\repository\org\apache\commons\commons-compress\1.24.0\commons-compress-1.24.0.jar;C:\Users\hayda\.m2\repository\org\rnorth\duct-tape\duct-tape\1.0.8\duct-tape-1.0.8.jar;C:\Users\hayda\.m2\repository\org\jetbrains\annotations\17.0.0\annotations-17.0.0.jar;C:\Users\hayda\.m2\repository\com\github\docker-java\docker-java-api\3.4.1\docker-java-api-3.4.1.jar;C:\Users\hayda\.m2\repository\com\github\docker-java\docker-java-transport-zerodep\3.4.1\docker-java-transport-zerodep-3.4.1.jar;C:\Users\hayda\.m2\repository\com\github\docker-java\docker-java-transport\3.4.1\docker-java-transport-3.4.1.jar;C:\Users\hayda\.m2\repository\net\java\dev\jna\jna\5.13.0\jna-5.13.0.jar;C:\Users\hayda\.m2\repository\org\testcontainers\junit-jupiter\1.20.6\junit-jupiter-1.20.6.jar;C:\Users\hayda\.m2\repository\org\testcontainers\postgresql\1.20.6\postgresql-1.20.6.jar;C:\Users\hayda\.m2\repository\org\testcontainers\jdbc\1.20.6\jdbc-1.20.6.jar;C:\Users\hayda\.m2\repository\org\testcontainers\database-commons\1.20.6\database-commons-1.20.6.jar;C:\Users\hayda\.m2\repository\io\micrometer\micrometer-tracing\1.4.4\micrometer-tracing-1.4.4.jar;C:\Users\hayda\.m2\repository\io\micrometer\context-propagation\1.1.2\context-propagation-1.1.2.jar;C:\Users\hayda\.m2\repository\aopalliance\aopalliance\1.0\aopalliance-1.0.jar;C:\Users\hayda\.m2\repository\io\micrometer\micrometer-tracing-bridge-brave\1.4.4\micrometer-tracing-bridge-brave-1.4.4.jar;C:\Users\hayda\.m2\repository\io\zipkin\brave\brave\6.0.3\brave-6.0.3.jar;C:\Users\hayda\.m2\repository\io\zipkin\brave\brave-context-slf4j\6.0.3\brave-context-slf4j-6.0.3.jar;C:\Users\hayda\.m2\repository\io\zipkin\brave\brave-instrumentation-http\6.0.3\brave-instrumentation-http-6.0.3.jar;C:\Users\hayda\.m2\repository\io\zipkin\aws\brave-propagation-aws\1.2.5\brave-propagation-aws-1.2.5.jar;C:\Users\hayda\.m2\repository\io\zipkin\contrib\brave-propagation-w3c\brave-propagation-tracecontext\0.2.0\brave-propagation-tracecontext-0.2.0.jar;C:\Users\hayda\.m2\repository\net\logstash\logback\logstash-logback-encoder\8.1\logstash-logback-encoder-8.1.jar;C:\Users\hayda\.m2\repository\com\fasterxml\jackson\core\jackson-databind\2.18.3\jackson-databind-2.18.3.jar;C:\Users\hayda\.m2\repository\io\micrometer\micrometer-registry-prometheus\1.14.5\micrometer-registry-prometheus-1.14.5.jar;C:\Users\hayda\.m2\repository\io\micrometer\micrometer-core\1.14.5\micrometer-core-1.14.5.jar;C:\Users\hayda\.m2\repository\org\hdrhistogram\HdrHistogram\2.2.2\HdrHistogram-2.2.2.jar;C:\Users\hayda\.m2\repository\org\latencyutils\LatencyUtils\2.0.3\LatencyUtils-2.0.3.jar;C:\Users\hayda\.m2\repository\io\prometheus\prometheus-metrics-core\1.3.6\prometheus-metrics-core-1.3.6.jar;C:\Users\hayda\.m2\repository\io\prometheus\prometheus-metrics-model\1.3.6\prometheus-metrics-model-1.3.6.jar;C:\Users\hayda\.m2\repository\io\prometheus\prometheus-metrics-config\1.3.6\prometheus-metrics-config-1.3.6.jar;C:\Users\hayda\.m2\repository\io\prometheus\prometheus-metrics-tracer-common\1.3.6\prometheus-metrics-tracer-common-1.3.6.jar;C:\Users\hayda\.m2\repository\io\prometheus\prometheus-metrics-exposition-formats\1.3.6\prometheus-metrics-exposition-formats-1.3.6.jar;C:\Users\hayda\.m2\repository\io\prometheus\prometheus-metrics-exposition-textformats\1.3.6\prometheus-metrics-exposition-textformats-1.3.6.jar;C:\Users\hayda\.m2\repository\org\apache\commons\commons-collections4\4.4\commons-collections4-4.4.jar;C:\Users\hayda\.m2\repository\org\apache\commons\commons-text\1.13.1\commons-text-1.13.1.jar;C:\Users\hayda\.m2\repository\org\apache\commons\commons-lang3\3.17.0\commons-lang3-3.17.0.jar;C:\Users\hayda\.m2\repository\commons-io\commons-io\2.19.0\commons-io-2.19.0.jar;C:\Users\hayda\.m2\repository\org\springframework\boot\spring-boot-configuration-processor\3.4.4\spring-boot-configuration-processor-3.4.4.jar;"/>
    <property name="sun.cpu.endian" value="little"/>
    <property name="user.home" value="C:\Users\hayda"/>
    <property name="user.language" value="en"/>
    <property name="java.specification.vendor" value="Oracle Corporation"/>
    <property name="java.version.date" value="2025-04-15"/>
    <property name="java.home" value="C:\Program Files\Java\jdk-21"/>
    <property name="file.separator" value="\"/>
    <property name="basedir" value="C:\Users\hayda\IdeaProjects\Git-Wrapped-LHM\git-wrapped"/>
    <property name="java.vm.compressedOopsMode" value="Zero based"/>
    <property name="line.separator" value="&#10;"/>
    <property name="java.vm.specification.vendor" value="Oracle Corporation"/>
    <property name="java.specification.name" value="Java Platform API Specification"/>
    <property name="FILE_LOG_CHARSET" value="UTF-8"/>
    <property name="java.awt.headless" value="true"/>
    <property name="surefire.real.class.path" value="C:\Users\hayda\AppData\Local\Temp\surefire13119329815886023379\surefirebooter-20250701201729515_3.jar"/>
    <property name="user.script" value=""/>
    <property name="polyglot.engine.WarnInterpreterOnly" value="false"/>
    <property name="sun.management.compiler" value="HotSpot 64-Bit Tiered Compilers"/>
    <property name="java.runtime.version" value="21.0.7+8-LTS-245"/>
    <property name="LOG_CORRELATION_PATTERN" value="%correlationId"/>
    <property name="user.name" value="hayda"/>
    <property name="stdout.encoding" value="Cp1252"/>
    <property name="path.separator" value=";"/>
    <property name="os.version" value="10.0"/>
    <property name="java.runtime.name" value="Java(TM) SE Runtime Environment"/>
    <property name="file.encoding" value="UTF-8"/>
    <property name="java.vm.name" value="Java HotSpot(TM) 64-Bit Server VM"/>
    <property name="localRepository" value="C:\Users\hayda\.m2\repository"/>
    <property name="java.vendor.url.bug" value="https://bugreport.java.com/bugreport/"/>
    <property name="java.io.tmpdir" value="C:\Users\hayda\AppData\Local\Temp\"/>
    <property name="catalina.home" value="C:\Users\hayda\AppData\Local\Temp\tomcat.0.1440148381370586297"/>
    <property name="com.zaxxer.hikari.pool_number" value="1"/>
    <property name="java.version" value="21.0.7"/>
    <property name="user.dir" value="C:\Users\hayda\IdeaProjects\Git-Wrapped-LHM\git-wrapped"/>
    <property name="os.arch" value="amd64"/>
    <property name="java.vm.specification.name" value="Java Virtual Machine Specification"/>
    <property name="PID" value="22944"/>
    <property name="sun.os.patch.level" value=""/>
    <property name="CONSOLE_LOG_CHARSET" value="UTF-8"/>
    <property name="catalina.base" value="C:\Users\hayda\AppData\Local\Temp\tomcat.0.1440148381370586297"/>
    <property name="native.encoding" value="Cp1252"/>
    <property name="java.library.path" value="C:\Program Files\Java\jdk-21\bin;C:\Windows\Sun\Java\bin;C:\Windows\system32;C:\Windows;C:\Program Files\Common Files\Oracle\Java\javapath;C:\Windows\system32;C:\Windows;C:\Windows\System32\Wbem;C:\Windows\System32\WindowsPowerShell\v1.0\;C:\Windows\System32\OpenSSH\;C:\Program Files (x86)\NVIDIA Corporation\PhysX\Common;C:\Program Files\dotnet\;C:\Program Files\Git\cmd;C:\ProgramData\chocolatey\bin;C:\Program Files\NVIDIA Corporation\NVIDIA app\NvDLISR;C:\Program Files\nodejs\;C:\ProgramData\chocolatey\lib\maven\apache-maven-3.9.9\bin;C:\Program Files\Docker\Docker\resources\bin;C:\Users\hayda\AppData\Local\Programs\Python\Python312\Scripts\;C:\Users\hayda\AppData\Local\Programs\Python\Python312\;C:\Users\hayda\AppData\Local\Programs\Python\Launcher\;C:\Users\hayda\AppData\Local\Microsoft\WindowsApps;C:\Users\hayda\AppData\Local\Programs\Microsoft VS Code\bin;C:\Users\hayda\AppData\Local\GitHubDesktop\bin;C:\Users\hayda\.dotnet\tools;C:\Users\hayda\AppData\Local\Programs\Ollama;C:\Users\hayda\AppData\Local\Muse Hub\lib;C:\Users\hayda\AppData\Local\Microsoft\WinGet\Packages\Schniz.fnm_Microsoft.Winget.Source_8wekyb3d8bbwe;C:\Program Files\nodejs\;;."/>
    <property name="java.vm.info" value="mixed mode, sharing"/>
    <property name="stderr.encoding" value="Cp1252"/>
    <property name="java.vendor" value="Oracle Corporation"/>
    <property name="java.vm.version" value="21.0.7+8-LTS-245"/>
    <property name="sun.io.unicode.encoding" value="UnicodeLittle"/>
    <property name="java.class.version" value="65.0"/>
    <property name="LOGGED_APPLICATION_NAME" value="[gitwrapped-backend] "/>
  </properties>
  <testcase name="testForCacheControlHeadersForEntityEndpoint" classname="de.muenchen.gitwrapped.configuration.CacheControlConfigurationTest" time="1.528">
    <system-out><![CDATA[20:17:31.607 [main] INFO org.testcontainers.images.PullPolicy -- Image pull policy will be performed by: DefaultPullPolicy()
20:17:31.625 [main] INFO org.testcontainers.utility.ImageNameSubstitutor -- Image name substitution will be performed by: DefaultImageNameSubstitutor (composite of 'ConfigurationFileImageNameSubstitutor' and 'PrefixingImageNameSubstitutor')
20:17:31.725 [main] INFO org.testcontainers.DockerClientFactory -- Testcontainers version: 1.20.6
20:17:32.448 [main] INFO org.testcontainers.dockerclient.DockerClientProviderStrategy -- Loaded org.testcontainers.dockerclient.NpipeSocketClientProviderStrategy from ~/.testcontainers.properties, will try it first
20:17:33.292 [main] INFO org.testcontainers.dockerclient.DockerClientProviderStrategy -- Found Docker environment with local Npipe socket (npipe:////./pipe/docker_engine)
20:17:33.295 [main] INFO org.testcontainers.DockerClientFactory -- Docker host IP address is localhost
20:17:33.331 [main] INFO org.testcontainers.DockerClientFactory -- Connected to docker: 
  Server Version: 28.0.4
  API Version: 1.48
  Operating System: Docker Desktop
  Total Memory: 7919 MB
  Labels: 
    com.docker.desktop.address=npipe://\\.\pipe\docker_cli
20:17:33.388 [main] INFO tc.testcontainers/ryuk:0.11.0 -- Creating container for image: testcontainers/ryuk:0.11.0
20:17:33.842 [main] INFO tc.testcontainers/ryuk:0.11.0 -- Container testcontainers/ryuk:0.11.0 is starting: d491ff7c2ce83a430e085ff2433b1b514d7b02da2ea310b72ab5f5aaf99b6946
20:17:34.651 [main] INFO tc.testcontainers/ryuk:0.11.0 -- Container testcontainers/ryuk:0.11.0 started in PT1.2629007S
20:17:34.668 [main] INFO org.testcontainers.utility.RyukResourceReaper -- Ryuk started - will monitor and terminate Testcontainers containers on JVM exit
20:17:34.668 [main] INFO org.testcontainers.DockerClientFactory -- Checking the system...
20:17:34.670 [main] INFO org.testcontainers.DockerClientFactory -- ✔︎ Docker server version should be at least 1.6.0
20:17:34.673 [main] INFO tc.postgres:16.0-alpine3.18 -- Creating container for image: postgres:16.0-alpine3.18
20:17:34.786 [main] INFO tc.postgres:16.0-alpine3.18 -- Container postgres:16.0-alpine3.18 is starting: d61ba739bceba9a4ac427a49afe071ec00c4bb6963db3f7d4e4d34acdeeebbb7
20:17:36.971 [main] INFO tc.postgres:16.0-alpine3.18 -- Container postgres:16.0-alpine3.18 started in PT2.2984007S
20:17:36.972 [main] INFO tc.postgres:16.0-alpine3.18 -- Container is started (JDBC URL: jdbc:postgresql://localhost:53145/test?loggerLevel=OFF)
---------------------------------------------------------------------------------------------------------------------------------------------------
gitwrapped-backend

Application Version    : 0.0.1-SNAPSHOT
Java Version           : 21.0.7
Spring Boot Version    : 3.4.4
Spring Cloud Version   : 2024.0.1
Active Spring Profiles : 
About                  : This is an Annual Review app for Git Users

This project is based on the reference architecture templates of it@M maintained under https://github.com/it-at-m/refarch-templates.
Do you have suggestions for improvement? Please take a look at https://github.com/it-at-m/refarch-templates/issues/new/choose to open an issue.
If you want to provide a PR please take a look at our Contribution Guidelines.
---------------------------------------------------------------------------------------------------------------------------------------------------

2025.07.01 20:17:38.690 | gitwrapped-backend | TraceId:  | SpanId: ] | INFO | [background-preinit] | Version | [Version.java : 21] - HV000001: Hibernate Validator 8.0.2.Final
2025.07.01 20:17:38.883 | gitwrapped-backend | TraceId:  | SpanId: ] | INFO | [main] | CacheControlConfigurationTest | [StartupInfoLogger.java : 53] - Starting CacheControlConfigurationTest using Java 21.0.7 with PID 22944 (started by hayda in C:\Users\hayda\IdeaProjects\Git-Wrapped-LHM\git-wrapped)
2025.07.01 20:17:38.884 | gitwrapped-backend | TraceId:  | SpanId: ] | DEBUG | [main] | CacheControlConfigurationTest | [StartupInfoLogger.java : 54] - Running with Spring Boot v3.4.4, Spring v6.2.5
2025.07.01 20:17:38.885 | gitwrapped-backend | TraceId:  | SpanId: ] | INFO | [main] | CacheControlConfigurationTest | [SpringApplication.java : 658] - The following 2 profiles are active: "test", "no-security"
2025.07.01 20:17:41.023 | gitwrapped-backend | TraceId:  | SpanId: ] | INFO | [main] | RepositoryConfigurationDelegate | [RepositoryConfigurationDelegate.java : 143] - Bootstrapping Spring Data JPA repositories in DEFAULT mode.
2025.07.01 20:17:41.131 | gitwrapped-backend | TraceId:  | SpanId: ] | INFO | [main] | RepositoryConfigurationDelegate | [RepositoryConfigurationDelegate.java : 211] - Finished Spring Data repository scanning in 89 ms. Found 1 JPA repository interface.
2025.07.01 20:17:42.706 | gitwrapped-backend | TraceId:  | SpanId: ] | INFO | [main] | TomcatWebServer | [TomcatWebServer.java : 111] - Tomcat initialized with port 0 (http)
2025.07.01 20:17:42.732 | gitwrapped-backend | TraceId:  | SpanId: ] | INFO | [main] | Http11NioProtocol | [DirectJDKLog.java : 173] - Initializing ProtocolHandler ["http-nio-auto-1"]
2025.07.01 20:17:42.735 | gitwrapped-backend | TraceId:  | SpanId: ] | INFO | [main] | StandardService | [DirectJDKLog.java : 173] - Starting service [Tomcat]
2025.07.01 20:17:42.735 | gitwrapped-backend | TraceId:  | SpanId: ] | INFO | [main] | StandardEngine | [DirectJDKLog.java : 173] - Starting Servlet engine: [Apache Tomcat/10.1.39]
2025.07.01 20:17:42.847 | gitwrapped-backend | TraceId:  | SpanId: ] | INFO | [main] | [/] | [DirectJDKLog.java : 173] - Initializing Spring embedded WebApplicationContext
2025.07.01 20:17:42.849 | gitwrapped-backend | TraceId:  | SpanId: ] | INFO | [main] | ServletWebServerApplicationContext | [ServletWebServerApplicationContext.java : 301] - Root WebApplicationContext: initialization completed in 3924 ms
2025.07.01 20:17:43.367 | gitwrapped-backend | TraceId:  | SpanId: ] | DEBUG | [main] | ServerHttpObservationFilter | [GenericFilterBean.java : 240] - Filter 'webMvcObservationFilter' configured for use
2025.07.01 20:17:43.378 | gitwrapped-backend | TraceId:  | SpanId: ] | INFO | [main] | NfcRequestFilter | [NfcRequestFilter.java : 74] - Enabled content-type filtering to NFC for: text/html; application/json; application/hal+json; text/plain
2025.07.01 20:17:43.378 | gitwrapped-backend | TraceId:  | SpanId: ] | DEBUG | [main] | NfcRequestFilter | [GenericFilterBean.java : 240] - Filter 'nfcRequestFilter' configured for use
2025.07.01 20:17:43.379 | gitwrapped-backend | TraceId:  | SpanId: ] | DEBUG | [main] | ForwardedHeaderFilter | [GenericFilterBean.java : 240] - Filter 'forwardedHeaderFilter' configured for use
2025.07.01 20:17:43.380 | gitwrapped-backend | TraceId:  | SpanId: ] | DEBUG | [main] | CacheControlConfiguration$CacheControlFilter | [GenericFilterBean.java : 240] - Filter 'cacheControlFilter' configured for use
2025.07.01 20:17:44.325 | gitwrapped-backend | TraceId:  | SpanId: ] | INFO | [main] | FlywayExecutor | [Slf4jLog.java : 41] - Database: jdbc:postgresql://localhost:53145/test?loggerLevel=OFF (PostgreSQL 16.0)
2025.07.01 20:17:44.404 | gitwrapped-backend | TraceId:  | SpanId: ] | INFO | [main] | JdbcTableSchemaHistory | [Slf4jLog.java : 41] - Schema history table "public"."flyway_schema_history" does not exist yet
2025.07.01 20:17:44.412 | gitwrapped-backend | TraceId:  | SpanId: ] | INFO | [main] | DbValidate | [Slf4jLog.java : 41] - Successfully validated 1 migration (execution time 00:00.037s)
2025.07.01 20:17:44.445 | gitwrapped-backend | TraceId:  | SpanId: ] | INFO | [main] | JdbcTableSchemaHistory | [Slf4jLog.java : 41] - Creating Schema History table "public"."flyway_schema_history" ...
2025.07.01 20:17:44.539 | gitwrapped-backend | TraceId:  | SpanId: ] | INFO | [main] | DbMigrate | [Slf4jLog.java : 41] - Current version of schema "public": << Empty Schema >>
2025.07.01 20:17:44.555 | gitwrapped-backend | TraceId:  | SpanId: ] | INFO | [main] | DbMigrate | [Slf4jLog.java : 41] - Migrating schema "public" to version "001 - TheEntity schema"
2025.07.01 20:17:44.602 | gitwrapped-backend | TraceId:  | SpanId: ] | INFO | [main] | DbMigrate | [Slf4jLog.java : 41] - Successfully applied 1 migration to schema "public", now at version v001 (execution time 00:00.016s)
2025.07.01 20:17:44.783 | gitwrapped-backend | TraceId:  | SpanId: ] | INFO | [main] | LogHelper | [LogHelper.java : 31] - HHH000204: Processing PersistenceUnitInfo [name: default]
2025.07.01 20:17:44.926 | gitwrapped-backend | TraceId:  | SpanId: ] | INFO | [main] | Version | [Version.java : 44] - HHH000412: Hibernate ORM core version 6.6.11.Final
2025.07.01 20:17:45.001 | gitwrapped-backend | TraceId:  | SpanId: ] | INFO | [main] | RegionFactoryInitiator | [RegionFactoryInitiator.java : 50] - HHH000026: Second-level cache disabled
2025.07.01 20:17:45.674 | gitwrapped-backend | TraceId:  | SpanId: ] | INFO | [main] | SpringPersistenceUnitInfo | [SpringPersistenceUnitInfo.java : 87] - No LoadTimeWeaver setup: ignoring JPA class transformer
2025.07.01 20:17:45.743 | gitwrapped-backend | TraceId:  | SpanId: ] | INFO | [main] | HikariDataSource | [HikariDataSource.java : 109] - HikariPool-1 - Starting...
2025.07.01 20:17:45.797 | gitwrapped-backend | TraceId:  | SpanId: ] | INFO | [main] | HikariPool | [HikariPool.java : 554] - HikariPool-1 - Added connection org.postgresql.jdbc.PgConnection@67b4691c
2025.07.01 20:17:45.803 | gitwrapped-backend | TraceId:  | SpanId: ] | INFO | [main] | HikariDataSource | [HikariDataSource.java : 122] - HikariPool-1 - Start completed.
2025.07.01 20:17:45.977 | gitwrapped-backend | TraceId:  | SpanId: ] | INFO | [main] | pooling | [JdbcEnvironmentInitiator.java : 157] - HHH10001005: Database info:
	Database JDBC URL [Connecting through datasource 'HikariDataSource (HikariPool-1)']
	Database driver: undefined/unknown
	Database version: 16.0
	Autocommit mode: undefined/unknown
	Isolation level: undefined/unknown
	Minimum pool size: undefined/unknown
	Maximum pool size: undefined/unknown
2025.07.01 20:17:47.742 | gitwrapped-backend | TraceId:  | SpanId: ] | INFO | [main] | JtaPlatformInitiator | [JtaPlatformInitiator.java : 59] - HHH000489: No JTA platform available (set 'hibernate.transaction.jta.platform' to enable JTA platform integration)
2025.07.01 20:17:47.802 | gitwrapped-backend | TraceId:  | SpanId: ] | INFO | [main] | LocalContainerEntityManagerFactoryBean | [AbstractEntityManagerFactoryBean.java : 447] - Initialized JPA EntityManagerFactory for persistence unit 'default'
2025.07.01 20:17:48.342 | gitwrapped-backend | TraceId:  | SpanId: ] | WARN | [main] | JpaBaseConfiguration$JpaWebConfiguration | [JpaBaseConfiguration.java : 258] - spring.jpa.open-in-view is enabled by default. Therefore, database queries may be performed during view rendering. Explicitly configure spring.jpa.open-in-view to disable this warning
2025.07.01 20:17:48.708 | gitwrapped-backend | TraceId:  | SpanId: ] | DEBUG | [main] | RequestMappingHandlerMapping | [AbstractHandlerMethodMapping.java : 366] - 7 mappings in 'requestMappingHandlerMapping'
2025.07.01 20:17:49.003 | gitwrapped-backend | TraceId:  | SpanId: ] | DEBUG | [main] | SimpleUrlHandlerMapping | [SimpleUrlHandlerMapping.java : 187] - Patterns [/webjars/**, /**] in 'resourceHandlerMapping'
2025.07.01 20:17:49.649 | gitwrapped-backend | TraceId:  | SpanId: ] | INFO | [main] | EndpointLinksResolver | [EndpointLinksResolver.java : 60] - Exposing 2 endpoints beneath base path '/actuator'
2025.07.01 20:17:49.967 | gitwrapped-backend | TraceId:  | SpanId: ] | DEBUG | [main] | RequestMappingHandlerAdapter | [RequestMappingHandlerAdapter.java : 666] - ControllerAdvice beans: 0 @ModelAttribute, 0 @InitBinder, 1 RequestBodyAdvice, 1 ResponseBodyAdvice
2025.07.01 20:17:50.114 | gitwrapped-backend | TraceId:  | SpanId: ] | DEBUG | [main] | ExceptionHandlerExceptionResolver | [ExceptionHandlerExceptionResolver.java : 336] - ControllerAdvice beans: 0 @ExceptionHandler, 1 ResponseBodyAdvice
2025.07.01 20:17:50.600 | gitwrapped-backend | TraceId:  | SpanId: ] | INFO | [main] | Http11NioProtocol | [DirectJDKLog.java : 173] - Starting ProtocolHandler ["http-nio-auto-1"]
2025.07.01 20:17:50.631 | gitwrapped-backend | TraceId:  | SpanId: ] | INFO | [main] | TomcatWebServer | [TomcatWebServer.java : 243] - Tomcat started on port 53168 (http) with context path '/'
2025.07.01 20:17:50.654 | gitwrapped-backend | TraceId:  | SpanId: ] | INFO | [main] | CacheControlConfigurationTest | [StartupInfoLogger.java : 59] - Started CacheControlConfigurationTest in 12.844 seconds (process running for 20.967)
2025.07.01 20:17:51.558 | gitwrapped-backend | TraceId:  | SpanId: ] | DEBUG | [main] | RestTemplate | [CompositeLog.java : 127] - HTTP GET http://localhost:53168/theEntity
2025.07.01 20:17:51.598 | gitwrapped-backend | TraceId: 6864264f6ad54b674c12cfe4c8d5e043 | SpanId: 4c12cfe4c8d5e043] | DEBUG | [main] | RestTemplate | [CompositeLog.java : 127] - Accept=[text/plain, application/json, application/*+json, */*]
2025.07.01 20:17:51.782 | gitwrapped-backend | TraceId:  | SpanId: ] | INFO | [http-nio-auto-1-exec-1] | [/] | [DirectJDKLog.java : 173] - Initializing Spring DispatcherServlet 'dispatcherServlet'
2025.07.01 20:17:51.782 | gitwrapped-backend | TraceId:  | SpanId: ] | INFO | [http-nio-auto-1-exec-1] | DispatcherServlet | [FrameworkServlet.java : 532] - Initializing Servlet 'dispatcherServlet'
2025.07.01 20:17:51.783 | gitwrapped-backend | TraceId:  | SpanId: ] | DEBUG | [http-nio-auto-1-exec-1] | DispatcherServlet | [DispatcherServlet.java : 533] - Detected StandardServletMultipartResolver
2025.07.01 20:17:51.783 | gitwrapped-backend | TraceId:  | SpanId: ] | DEBUG | [http-nio-auto-1-exec-1] | DispatcherServlet | [DispatcherServlet.java : 557] - Detected AcceptHeaderLocaleResolver
2025.07.01 20:17:51.783 | gitwrapped-backend | TraceId:  | SpanId: ] | DEBUG | [http-nio-auto-1-exec-1] | DispatcherServlet | [DispatcherServlet.java : 583] - Detected FixedThemeResolver
2025.07.01 20:17:51.784 | gitwrapped-backend | TraceId:  | SpanId: ] | DEBUG | [http-nio-auto-1-exec-1] | DispatcherServlet | [DispatcherServlet.java : 733] - Detected org.springframework.web.servlet.view.DefaultRequestToViewNameTranslator@7404d320
2025.07.01 20:17:51.785 | gitwrapped-backend | TraceId:  | SpanId: ] | DEBUG | [http-nio-auto-1-exec-1] | DispatcherServlet | [DispatcherServlet.java : 797] - Detected org.springframework.web.servlet.support.SessionFlashMapManager@5e1a0799
2025.07.01 20:17:51.785 | gitwrapped-backend | TraceId:  | SpanId: ] | DEBUG | [http-nio-auto-1-exec-1] | DispatcherServlet | [FrameworkServlet.java : 549] - enableLoggingRequestDetails='false': request parameters and headers will be masked to prevent unsafe logging of potentially sensitive data
2025.07.01 20:17:51.786 | gitwrapped-backend | TraceId:  | SpanId: ] | INFO | [http-nio-auto-1-exec-1] | DispatcherServlet | [FrameworkServlet.java : 554] - Completed initialization in 3 ms
2025.07.01 20:17:51.850 | gitwrapped-backend | TraceId: 6864264f6ab807018461343e437f0154 | SpanId: beda4aeb48ce2740] | DEBUG | [http-nio-auto-1-exec-1] | NfcRequestFilter | [NfcRequestFilter.java : 83] - Request-Type=org.springframework.security.web.servletapi.HttpServlet3RequestFactory$Servlet3SecurityContextHolderAwareRequestWrapper
2025.07.01 20:17:51.850 | gitwrapped-backend | TraceId: 6864264f6ab807018461343e437f0154 | SpanId: beda4aeb48ce2740] | DEBUG | [http-nio-auto-1-exec-1] | NfcRequestFilter | [NfcRequestFilter.java : 84] - Intercepting request for URI /theEntity
2025.07.01 20:17:51.851 | gitwrapped-backend | TraceId: 6864264f6ab807018461343e437f0154 | SpanId: beda4aeb48ce2740] | DEBUG | [http-nio-auto-1-exec-1] | NfcRequestFilter | [NfcRequestFilter.java : 87] - ContentType for request with URI: "null"
2025.07.01 20:17:51.851 | gitwrapped-backend | TraceId: 6864264f6ab807018461343e437f0154 | SpanId: beda4aeb48ce2740] | DEBUG | [http-nio-auto-1-exec-1] | NfcRequestFilter | [NfcRequestFilter.java : 92] - Skip processing of HTTP request since it's content type "null" is not in whitelist.
2025.07.01 20:17:51.854 | gitwrapped-backend | TraceId: 6864264f6ab807018461343e437f0154 | SpanId: beda4aeb48ce2740] | DEBUG | [http-nio-auto-1-exec-1] | DispatcherServlet | [LogFormatUtils.java : 120] - GET "/theEntity", parameters={}
2025.07.01 20:17:51.858 | gitwrapped-backend | TraceId: 6864264f6ab807018461343e437f0154 | SpanId: beda4aeb48ce2740] | DEBUG | [http-nio-auto-1-exec-1] | RequestMappingHandlerMapping | [AbstractHandlerMapping.java : 533] - Mapped to de.muenchen.gitwrapped.theentity.TheEntityController#getTheEntitiesByPageAndSize(int, int)
2025.07.01 20:17:51.912 | gitwrapped-backend | TraceId: 6864264f6ab807018461343e437f0154 | SpanId: beda4aeb48ce2740] | INFO | [http-nio-auto-1-exec-1] | TheEntityService | [TheEntityService.java : 31] - Get all TheEntity with at Page 0 with a PageSize of 10
2025.07.01 20:17:52.224 | gitwrapped-backend | TraceId: 6864264f6ab807018461343e437f0154 | SpanId: beda4aeb48ce2740] | DEBUG | [http-nio-auto-1-exec-1] | RequestResponseBodyMethodProcessor | [AbstractMessageConverterMethodProcessor.java : 310] - Using 'application/json', given [text/plain, application/json, application/*+json, */*] and supported [application/json, application/*+json]
2025.07.01 20:17:52.226 | gitwrapped-backend | TraceId: 6864264f6ab807018461343e437f0154 | SpanId: beda4aeb48ce2740] | DEBUG | [http-nio-auto-1-exec-1] | RequestResponseBodyMethodProcessor | [LogFormatUtils.java : 120] - Writing [Page 1 of 0 containing UNKNOWN instances]
2025.07.01 20:17:52.246 | gitwrapped-backend | TraceId: 6864264f6ab807018461343e437f0154 | SpanId: beda4aeb48ce2740] | DEBUG | [http-nio-auto-1-exec-1] | DispatcherServlet | [FrameworkServlet.java : 1138] - Completed 200 OK
2025.07.01 20:17:52.263 | gitwrapped-backend | TraceId: 6864264f6ad54b674c12cfe4c8d5e043 | SpanId: 4c12cfe4c8d5e043] | DEBUG | [main] | RestTemplate | [CompositeLog.java : 127] - Response 200 OK
2025.07.01 20:17:52.267 | gitwrapped-backend | TraceId: 6864264f6ad54b674c12cfe4c8d5e043 | SpanId: 4c12cfe4c8d5e043] | DEBUG | [main] | RestTemplate | [CompositeLog.java : 127] - Reading to [java.lang.String] as "application/json"
]]></system-out>
    <system-err><![CDATA[Mockito is currently self-attaching to enable the inline-mock-maker. This will no longer work in future releases of the JDK. Please add Mockito as an agent to your build what is described in Mockito's documentation: https://javadoc.io/doc/org.mockito/mockito-core/latest/org/mockito/Mockito.html#0.3
WARNING: A Java agent has been loaded dynamically (C:\Users\hayda\.m2\repository\net\bytebuddy\byte-buddy-agent\1.15.11\byte-buddy-agent-1.15.11.jar)
WARNING: If a serviceability tool is in use, please run with -XX:+EnableDynamicAgentLoading to hide this warning
WARNING: If a serviceability tool is not in use, please run with -Djdk.instrument.traceUsage for more information
WARNING: Dynamic loading of agents will be disallowed by default in a future release
]]></system-err>
  </testcase>
</testsuite>